<?xml version="1.0" encoding="UTF-8"?>
<!-- Generated by org.testng.reporters.JUnitReportReporter -->
<testsuite hostname="DANTE" failures="0" tests="2" name="runner.RunnerWithExamples" time="40.054" errors="0" timestamp="2023-08-12T18:30:34 IST" skipped="0">
  <testcase classname="runner.RunnerWithExamples" name="runScenario" time="24.137"/>
  <system-out/>
  <testcase classname="runner.RunnerWithExamples" name="runScenario" time="15.917"/>
  <system-out/>
</testsuite> <!-- runner.RunnerWithExamples -->
