<?xml version="1.0" encoding="UTF-8"?>
<!-- Generated by org.testng.reporters.JUnitReportReporter -->
<testsuite hostname="DANTE" failures="0" tests="1" name="runner.RunnerParellalExecution" time="24.154" errors="0" timestamp="2023-08-12T20:59:56 IST" skipped="0">
  <testcase classname="runner.RunnerParellalExecution" name="runScenario" time="24.154"/>
  <system-out/>
</testsuite> <!-- runner.RunnerParellalExecution -->
