<?xml version="1.0" encoding="UTF-8"?>
<!-- Generated by org.testng.reporters.JUnitReportReporter -->
<testsuite hostname="DANTE" failures="0" tests="1" name="runner.Runner" time="20.209" errors="0" timestamp="2023-08-12T20:28:09 IST" skipped="0">
  <testcase classname="runner.Runner" name="runScenario" time="20.209"/>
  <system-out/>
</testsuite> <!-- runner.Runner -->
