<?xml version="1.0" encoding="UTF-8"?>
<!-- Generated by org.testng.reporters.JUnitReportReporter -->
<testsuite hostname="DANTE" failures="0" tests="2" name="runner.RunnerWithExamplesTable" time="46.158" errors="0" timestamp="2023-08-12T22:50:58 IST" skipped="0">
  <testcase classname="runner.RunnerWithExamplesTable" name="runScenario" time="23.454"/>
  <system-out/>
  <testcase classname="runner.RunnerWithExamplesTable" name="runScenario" time="22.704"/>
  <system-out/>
</testsuite> <!-- runner.RunnerWithExamplesTable -->
