<?xml version="1.0" encoding="UTF-8"?>
<!-- Generated by org.testng.reporters.JUnitReportReporter -->
<testsuite hostname="DANTE" failures="0" tests="1" name="runner.RunnerWithTable" time="18.731" errors="0" timestamp="2023-08-12T19:54:10 IST" skipped="0">
  <testcase classname="runner.RunnerWithTable" name="runScenario" time="18.731"/>
  <system-out/>
</testsuite> <!-- runner.RunnerWithTable -->
