<?xml version="1.0" encoding="UTF-8"?>
<!-- Generated by org.testng.reporters.JUnitReportReporter -->
<testsuite hostname="DANTE" failures="0" tests="1" name="runner.RunnerByParameter" time="20.552" errors="0" timestamp="2023-08-12T19:51:32 IST" skipped="0">
  <testcase classname="runner.RunnerByParameter" name="runScenario" time="20.552"/>
  <system-out/>
</testsuite> <!-- runner.RunnerByParameter -->
