<?xml version="1.0" encoding="UTF-8"?>
<!-- Generated by org.testng.reporters.JUnitReportReporter -->
<testsuite hostname="DANTE" failures="0" tests="1" name="runner.LoginWithTable" time="19.827" errors="0" timestamp="2023-08-12T19:08:36 IST" skipped="0">
  <testcase classname="runner.LoginWithTable" name="runScenario" time="19.827"/>
  <system-out/>
</testsuite> <!-- runner.LoginWithTable -->
