<?xml version="1.0" encoding="UTF-8"?>
<!-- Generated by org.testng.reporters.JUnitReportReporter -->
<testsuite hostname="DANTE" failures="0" tests="2" name="runner.RunnerParellalExecution$RunnerByParameter" time="0.257" errors="0" timestamp="2023-08-12T17:58:21 IST" skipped="0">
  <testcase classname="runner.RunnerParellalExecution$RunnerByParameter" name="runScenario" time="0.042"/>
  <system-out/>
  <testcase classname="runner.RunnerParellalExecution$RunnerByParameter" name="runScenario" time="0.215"/>
  <system-out/>
</testsuite> <!-- runner.RunnerParellalExecution$RunnerByParameter -->
